2019-03-05 12:34:07 60 mysqld_safe Starting mysqld daemon with databases from /opt/lampp/var/mysql
2019-03-05 12:34:07 140333720643392 [Note] Using unique option prefix 'key_buffer' is error-prone and can break in the future. Please use the full name 'key_buffer_size' instead.
2019-03-05 12:34:07 140333720643392 [Note] /opt/lampp/sbin/mysqld (mysqld 10.1.21-MariaDB) starting as process 210 ...
2019-03-05 12:34:07 140333720643392 [Note] InnoDB: innodb_empty_free_list_algorithm has been changed to legacy because of small buffer pool size. In order to use backoff, increase buffer pool at least up to 20MB.

2019-03-05 12:34:07 140333720643392 [Note] InnoDB: Using mutexes to ref count buffer pool pages
2019-03-05 12:34:07 140333720643392 [Note] InnoDB: The InnoDB memory heap is disabled
2019-03-05 12:34:07 140333720643392 [Note] InnoDB: Mutexes and rw_locks use GCC atomic builtins
2019-03-05 12:34:07 140333720643392 [Note] InnoDB: GCC builtin __sync_synchronize() is used for memory barrier
2019-03-05 12:34:07 140333720643392 [Note] InnoDB: Compressed tables use zlib 1.2.8
2019-03-05 12:34:07 140333720643392 [Note] InnoDB: Using SSE crc32 instructions
2019-03-05 12:34:07 140333720643392 [Note] InnoDB: Initializing buffer pool, size = 16.0M
2019-03-05 12:34:07 140333720643392 [Note] InnoDB: Completed initialization of buffer pool
2019-03-05 12:34:07 140333720643392 [Note] InnoDB: Highest supported file format is Barracuda.
2019-03-05 12:34:07 140333720643392 [Note] InnoDB: The log sequence numbers 1762733 and 1762733 in ibdata files do not match the log sequence number 1770417 in the ib_logfiles!
2019-03-05 12:34:07 140333720643392 [Note] InnoDB: Database was not shutdown normally!
2019-03-05 12:34:07 140333720643392 [Note] InnoDB: Starting crash recovery.
2019-03-05 12:34:07 140333720643392 [Note] InnoDB: Reading tablespace information from the .ibd files...
2019-03-05 12:34:07 140333720643392 [Note] InnoDB: Restoring possible half-written data pages 
2019-03-05 12:34:07 140333720643392 [Note] InnoDB: from the doublewrite buffer...
2019-03-05 12:34:08 140333720643392 [Note] InnoDB: 128 rollback segment(s) are active.
2019-03-05 12:34:08 140333720643392 [Note] InnoDB: Waiting for purge to start
2019-03-05 12:34:08 140333720643392 [Note] InnoDB:  Percona XtraDB (http://www.percona.com) 5.6.34-79.1 started; log sequence number 1770417
2019-03-05 12:34:08 140333316810496 [Note] InnoDB: Dumping buffer pool(s) not yet started
2019-03-05 12:34:08 140333720643392 [Note] Plugin 'FEEDBACK' is disabled.
2019-03-05 12:34:08 140333720643392 [Note] Recovering after a crash using tc.log
2019-03-05 12:34:08 140333720643392 [Note] Starting crash recovery...
2019-03-05 12:34:08 140333720643392 [Note] Crash recovery finished.
2019-03-05 12:34:08 140333720643392 [Note] Server socket created on IP: '::'.
2019-03-05 12:34:08 140333720643392 [Note] /opt/lampp/sbin/mysqld: ready for connections.
Version: '10.1.21-MariaDB'  socket: '/opt/lampp/var/mysql/mysql.sock'  port: 3306  Source distribution
